<?xml version="1.0" encoding="UTF-8"?>
<!-- Generated by org.testng.reporters.JUnitReportReporter -->
<testsuite hostname="FEDOTOVAT" name="actis.test.selenium.IncorrectPassword" tests="1" failures="0" timestamp="24 Jan 2014 10:54:22 GMT" time="1.172" errors="0">
  <testcase name="testIncorrectPassword" time="1.172" classname="actis.test.selenium.IncorrectPassword"/>
</testsuite> <!-- actis.test.selenium.IncorrectPassword -->
