<?xml version="1.0" encoding="UTF-8"?>
<!-- Generated by org.testng.reporters.JUnitReportReporter -->
<testsuite hostname="FEDOTOVAT" name="actis.test.selenium.CorrectPassword" tests="1" failures="0" timestamp="24 Jan 2014 10:54:22 GMT" time="1.347" errors="0">
  <testcase name="testCorrectPassword" time="1.347" classname="actis.test.selenium.CorrectPassword"/>
</testsuite> <!-- actis.test.selenium.CorrectPassword -->
